<?xml version="1.0" encoding="UTF-8"?>
<testng-results ignored="0" total="2" passed="2" failed="0" skipped="0">
  <reporter-output>
  </reporter-output>
  <suite started-at="2023-08-07T03:01:49 BDT" name="Suite" finished-at="2023-08-07T03:01:54 BDT" duration-ms="5141">
    <groups>
    </groups>
    <test started-at="2023-08-07T03:01:49 BDT" name="Test" finished-at="2023-08-07T03:01:54 BDT" duration-ms="5141">
      <class name="allure_reports.AllureReporting">
        <test-method is-config="true" signature="setUp()[pri:0, instance:allure_reports.AllureReporting@6b09fb41]" started-at="2023-08-07T03:01:49 BDT" name="setUp" finished-at="2023-08-07T03:01:53 BDT" duration-ms="4755" status="PASS">
          <reporter-output>
          </reporter-output>
        </test-method> <!-- setUp -->
        <test-method signature="validateTitle()[pri:0, instance:allure_reports.AllureReporting@6b09fb41]" started-at="2023-08-07T03:01:53 BDT" name="validateTitle" description="This test case helps me validating the title of the page" finished-at="2023-08-07T03:01:53 BDT" duration-ms="46" status="PASS">
          <reporter-output>
          </reporter-output>
        </test-method> <!-- validateTitle -->
        <test-method signature="verifyLogo()[pri:0, instance:allure_reports.AllureReporting@6b09fb41]" started-at="2023-08-07T03:01:53 BDT" name="verifyLogo" finished-at="2023-08-07T03:01:53 BDT" duration-ms="58" status="PASS">
          <reporter-output>
          </reporter-output>
        </test-method> <!-- verifyLogo -->
        <test-method is-config="true" signature="tearDown()[pri:0, instance:allure_reports.AllureReporting@6b09fb41]" started-at="2023-08-07T03:01:53 BDT" name="tearDown" finished-at="2023-08-07T03:01:54 BDT" duration-ms="186" status="PASS">
          <reporter-output>
          </reporter-output>
        </test-method> <!-- tearDown -->
      </class> <!-- allure_reports.AllureReporting -->
    </test> <!-- Test -->
  </suite> <!-- Suite -->
</testng-results>
